Using pre-set license
Built from '2020.3/staging' branch; Version is '2020.3.22f1 (e1a7f79fd887) revision 14788599'; Using compiler version '192528614'; Build Type 'Release'
OS: 'Windows 10 Pro; OS build 22000.376; Version 2009; 64bit' Language: 'sl' Physical Memory: 16275 MB
BatchMode: 1, IsHumanControllingUs: 0, StartBugReporterOnCrash: 0, Is64bit: 1, IsPro: 0

COMMAND LINE ARGUMENTS:
C:\Program Files\Unity\Hub\Editor\2020.3.22f1\Editor\Unity.exe
-adb2
-batchMode
-noUpm
-name
AssetImportWorker0
-projectPath
C:/xampp/htdocs/CPSystems/RGA/projektnaRGA
-logFile
Logs/AssetImportWorker0.log
-srvPort
58174
Successfully changed project path to: C:/xampp/htdocs/CPSystems/RGA/projektnaRGA
C:/xampp/htdocs/CPSystems/RGA/projektnaRGA
Using Asset Import Pipeline V2.
Refreshing native plugins compatible for Editor in 46.34 ms, found 2 plugins.
Preloading 0 native plugins for Editor in 0.00 ms.
Initialize engine version: 2020.3.22f1 (e1a7f79fd887)
[Subsystems] Discovering subsystems at path C:/Program Files/Unity/Hub/Editor/2020.3.22f1/Editor/Data/Resources/UnitySubsystems
[Subsystems] Discovering subsystems at path C:/xampp/htdocs/CPSystems/RGA/projektnaRGA/Assets
GfxDevice: creating device client; threaded=0
Direct3D:
    Version:  Direct3D 11.0 [level 11.0]
    Renderer: NVIDIA GeForce 930MX (ID=0x134e)
    Vendor:   
    VRAM:     2010 MB
    Driver:   27.21.14.5296
Initialize mono
Mono path[0] = 'C:/Program Files/Unity/Hub/Editor/2020.3.22f1/Editor/Data/Managed'
Mono path[1] = 'C:/Program Files/Unity/Hub/Editor/2020.3.22f1/Editor/Data/MonoBleedingEdge/lib/mono/unityjit'
Mono config path = 'C:/Program Files/Unity/Hub/Editor/2020.3.22f1/Editor/Data/MonoBleedingEdge/etc'
Using monoOptions --debugger-agent=transport=dt_socket,embedding=1,server=y,suspend=n,address=127.0.0.1:56120
Begin MonoManager ReloadAssembly
Registering precompiled unity dll's ...
Register platform support module: C:/Program Files/Unity/Hub/Editor/2020.3.22f1/Editor/Data/PlaybackEngines/WindowsStandaloneSupport/UnityEditor.WindowsStandalone.Extensions.dll
Registered in 0.001773 seconds.
Native extension for WindowsStandalone target not found
Refreshing native plugins compatible for Editor in 30.66 ms, found 2 plugins.
Preloading 0 native plugins for Editor in 0.00 ms.
Mono: successfully reloaded assembly
- Completed reload, in  1.750 seconds
Domain Reload Profiling:
	ReloadAssembly (1750ms)
		BeginReloadAssembly (51ms)
			ExecutionOrderSort (0ms)
			DisableScriptedObjects (0ms)
			BackupInstance (0ms)
			ReleaseScriptingObjects (0ms)
			CreateAndSetChildDomain (1ms)
		EndReloadAssembly (455ms)
			LoadAssemblies (49ms)
			RebuildTransferFunctionScriptingTraits (0ms)
			SetupTypeCache (167ms)
			ReleaseScriptCaches (0ms)
			RebuildScriptCaches (32ms)
			SetupLoadedEditorAssemblies (158ms)
				LogAssemblyErrors (0ms)
				InitializePlatformSupportModulesInManaged (4ms)
				SetLoadedEditorAssemblies (0ms)
				RefreshPlugins (31ms)
				BeforeProcessingInitializeOnLoad (15ms)
				ProcessInitializeOnLoadAttributes (80ms)
				ProcessInitializeOnLoadMethodAttributes (28ms)
				AfterProcessingInitializeOnLoad (0ms)
				EditorAssembliesLoaded (0ms)
			ExecutionOrderSort2 (0ms)
			AwakeInstancesAfterBackupRestoration (0ms)
Platform modules already initialized, skipping
Registering precompiled user dll's ...
Registered in 0.003947 seconds.
Begin MonoManager ReloadAssembly
Native extension for WindowsStandalone target not found
Refreshing native plugins compatible for Editor in 0.51 ms, found 2 plugins.
Preloading 0 native plugins for Editor in 0.00 ms.
Mono: successfully reloaded assembly
- Completed reload, in  1.085 seconds
Domain Reload Profiling:
	ReloadAssembly (1086ms)
		BeginReloadAssembly (142ms)
			ExecutionOrderSort (0ms)
			DisableScriptedObjects (5ms)
			BackupInstance (0ms)
			ReleaseScriptingObjects (0ms)
			CreateAndSetChildDomain (20ms)
		EndReloadAssembly (883ms)
			LoadAssemblies (85ms)
			RebuildTransferFunctionScriptingTraits (0ms)
			SetupTypeCache (305ms)
			ReleaseScriptCaches (0ms)
			RebuildScriptCaches (43ms)
			SetupLoadedEditorAssemblies (347ms)
				LogAssemblyErrors (0ms)
				InitializePlatformSupportModulesInManaged (5ms)
				SetLoadedEditorAssemblies (0ms)
				RefreshPlugins (1ms)
				BeforeProcessingInitializeOnLoad (80ms)
				ProcessInitializeOnLoadAttributes (243ms)
				ProcessInitializeOnLoadMethodAttributes (12ms)
				AfterProcessingInitializeOnLoad (6ms)
				EditorAssembliesLoaded (0ms)
			ExecutionOrderSort2 (0ms)
			AwakeInstancesAfterBackupRestoration (8ms)
Platform modules already initialized, skipping
========================================================================
Worker process is ready to serve import requests
Launched and connected shader compiler UnityShaderCompiler.exe after 0.07 seconds
Refreshing native plugins compatible for Editor in 0.76 ms, found 2 plugins.
Preloading 0 native plugins for Editor in 0.00 ms.
Unloading 1590 Unused Serialized files (Serialized files now loaded: 0)
System memory in use before: 71.0 MB.
System memory in use after: 71.1 MB.

Unloading 32 unused Assets to reduce memory usage. Loaded Objects now: 2009.
Total: 3.423600 ms (FindLiveObjects: 0.200100 ms CreateObjectMapping: 0.068100 ms MarkObjects: 3.076300 ms  DeleteObjects: 0.077200 ms)

AssetImportParameters requested are different than current active one (requested -> active):
  custom:framework-win-MediaFoundation: 216162199b28c13a410421893ffa2e32 -> 
  custom:video-decoder-ogg-theora: a1e56fd34408186e4bbccfd4996cb3dc -> 
  custom:container-muxer-webm: aa71ff27fc2769a1b78a27578f13a17b -> 
  custom:container-demuxer-webm: 4f35f7cbe854078d1ac9338744f61a02 -> 
  custom:container-demuxer-ogg: 62fdf1f143b41e24485cea50d1cbac27 -> 
  custom:video-encoder-webm-vp8: eb34c28f22e8b96e1ab97ce403110664 -> 
  custom:video-decoder-webm-vp8: 9c59270c3fd7afecdb556c50c9e8de78 -> 
  custom:audio-decoder-ogg-vorbis: bf7c407c2cedff20999df2af8eb42d56 -> 
  custom:audio-encoder-webm-vorbis: bf7c407c2cedff20999df2af8eb42d56 -> 
========================================================================
Received Import Request.
  path: Assets/fbx/h.fbx
  artifactKey: Guid(34f78beb20fd4e94497f857e6e7be52f) Importer(815301076,1909f56bfc062723c751e8b465ee728b)
Start importing Assets/fbx/h.fbx using Guid(34f78beb20fd4e94497f857e6e7be52f) Importer(815301076,1909f56bfc062723c751e8b465ee728b)  -> (artifact id: '2755cedb18687d450744d64682307b9f') in 0.176330 seconds 
  Import took 0.179093 seconds .

========================================================================
Received Import Request.
  Time since last request: 0.000266 seconds.
  path: Assets/fbx/f.fbx
  artifactKey: Guid(7fbd38c0271ae00438cb3007485dd758) Importer(815301076,1909f56bfc062723c751e8b465ee728b)
Start importing Assets/fbx/f.fbx using Guid(7fbd38c0271ae00438cb3007485dd758) Importer(815301076,1909f56bfc062723c751e8b465ee728b)  -> (artifact id: 'dc842de22d137ca4fe07c72766883302') in 0.061101 seconds 
  Import took 0.063529 seconds .

========================================================================
Received Import Request.
  Time since last request: 0.000245 seconds.
  path: Assets/fbx/g.fbx
  artifactKey: Guid(ee8c0343bdea3254ab4dc8df9d4af8ad) Importer(815301076,1909f56bfc062723c751e8b465ee728b)
Start importing Assets/fbx/g.fbx using Guid(ee8c0343bdea3254ab4dc8df9d4af8ad) Importer(815301076,1909f56bfc062723c751e8b465ee728b)  -> (artifact id: '65d269dce86786bdc6d5e332bb8bd7e4') in 0.050557 seconds 
  Import took 0.053062 seconds .

========================================================================
Received Import Request.
  Time since last request: 198.331688 seconds.
  path: Assets/fbx/f.fbx
  artifactKey: Guid(7fbd38c0271ae00438cb3007485dd758) Importer(815301076,1909f56bfc062723c751e8b465ee728b)
Start importing Assets/fbx/f.fbx using Guid(7fbd38c0271ae00438cb3007485dd758) Importer(815301076,1909f56bfc062723c751e8b465ee728b)  -> (artifact id: 'b1229c209039a69e73935370f64193e7') in 0.043251 seconds 
  Import took 0.047043 seconds .

========================================================================
Received Import Request.
  Time since last request: 0.000392 seconds.
  path: Assets/fbx/h.fbx
  artifactKey: Guid(34f78beb20fd4e94497f857e6e7be52f) Importer(815301076,1909f56bfc062723c751e8b465ee728b)
Start importing Assets/fbx/h.fbx using Guid(34f78beb20fd4e94497f857e6e7be52f) Importer(815301076,1909f56bfc062723c751e8b465ee728b)  -> (artifact id: '7d2ffb0b01fea2a96a60be4b6ac6b44b') in 0.042241 seconds 
  Import took 0.045055 seconds .

========================================================================
Received Import Request.
  Time since last request: 0.000219 seconds.
  path: Assets/fbx/g.fbx
  artifactKey: Guid(ee8c0343bdea3254ab4dc8df9d4af8ad) Importer(815301076,1909f56bfc062723c751e8b465ee728b)
Start importing Assets/fbx/g.fbx using Guid(ee8c0343bdea3254ab4dc8df9d4af8ad) Importer(815301076,1909f56bfc062723c751e8b465ee728b)  -> (artifact id: 'bdbc2162e5158cbac68bc7ea24d7dd86') in 0.057460 seconds 
  Import took 0.059761 seconds .

========================================================================
Received Import Request.
  Time since last request: 264.186676 seconds.
  path: Assets/fbx/i.fbx
  artifactKey: Guid(7f0264f3a64000240bad303f748a9b6b) Importer(815301076,1909f56bfc062723c751e8b465ee728b)
Start importing Assets/fbx/i.fbx using Guid(7f0264f3a64000240bad303f748a9b6b) Importer(815301076,1909f56bfc062723c751e8b465ee728b)  -> (artifact id: 'f7952fabca6df4114b9e9233eb807455') in 0.048973 seconds 
  Import took 0.052944 seconds .

========================================================================
Received Import Request.
  Time since last request: 0.000356 seconds.
  path: Assets/fbx/l.fbx
  artifactKey: Guid(24e93e7891a5894428844ba58f0f6ec7) Importer(815301076,1909f56bfc062723c751e8b465ee728b)
Start importing Assets/fbx/l.fbx using Guid(24e93e7891a5894428844ba58f0f6ec7) Importer(815301076,1909f56bfc062723c751e8b465ee728b)  -> (artifact id: 'e8bb7a22b099fbfdddaa9ed72e9c5aff') in 0.046793 seconds 
  Import took 0.049102 seconds .

========================================================================
Received Import Request.
  Time since last request: 0.000227 seconds.
  path: Assets/fbx/n.fbx
  artifactKey: Guid(6de5cfaf6af533b43a543475fcfd2c10) Importer(815301076,1909f56bfc062723c751e8b465ee728b)
Start importing Assets/fbx/n.fbx using Guid(6de5cfaf6af533b43a543475fcfd2c10) Importer(815301076,1909f56bfc062723c751e8b465ee728b)  -> (artifact id: 'f94f757339cb978b2ec2330012e56b70') in 0.057444 seconds 
  Import took 0.059950 seconds .

========================================================================
Received Import Request.
  Time since last request: 0.000336 seconds.
  path: Assets/fbx/m.fbx
  artifactKey: Guid(b2599e261191daf42b33a82500eedb8e) Importer(815301076,1909f56bfc062723c751e8b465ee728b)
Start importing Assets/fbx/m.fbx using Guid(b2599e261191daf42b33a82500eedb8e) Importer(815301076,1909f56bfc062723c751e8b465ee728b)  -> (artifact id: '5d6abb9d574676ca18c753f135f974a7') in 0.034082 seconds 
  Import took 0.037129 seconds .

========================================================================
Received Import Request.
  Time since last request: 0.000287 seconds.
  path: Assets/fbx/k.fbx
  artifactKey: Guid(c033b6f43a0798644a790e414e933a2a) Importer(815301076,1909f56bfc062723c751e8b465ee728b)
Start importing Assets/fbx/k.fbx using Guid(c033b6f43a0798644a790e414e933a2a) Importer(815301076,1909f56bfc062723c751e8b465ee728b)  -> (artifact id: '6cbf57c1d708426b47b9bc8d972d98e7') in 0.026724 seconds 
  Import took 0.030501 seconds .

========================================================================
Received Import Request.
  Time since last request: 0.000278 seconds.
  path: Assets/fbx/j.fbx
  artifactKey: Guid(7a470c8e2a7179c4a81670b411bca283) Importer(815301076,1909f56bfc062723c751e8b465ee728b)
Start importing Assets/fbx/j.fbx using Guid(7a470c8e2a7179c4a81670b411bca283) Importer(815301076,1909f56bfc062723c751e8b465ee728b)  -> (artifact id: 'd73a6ec960fdbea3999306ac7bd3860c') in 0.034017 seconds 
  Import took 0.037787 seconds .

========================================================================
Received Import Request.
  Time since last request: 0.000353 seconds.
  path: Assets/fbx/o.fbx
  artifactKey: Guid(7a26ce126693f024c8241992663a9492) Importer(815301076,1909f56bfc062723c751e8b465ee728b)
Start importing Assets/fbx/o.fbx using Guid(7a26ce126693f024c8241992663a9492) Importer(815301076,1909f56bfc062723c751e8b465ee728b)  -> (artifact id: '03fe8bac1fb5a43cf2afa2e40afd8ad3') in 0.036729 seconds 
  Import took 0.041170 seconds .

========================================================================
Received Import Request.
  Time since last request: 43.972530 seconds.
  path: Assets/fbx/f.fbx
  artifactKey: Guid(7fbd38c0271ae00438cb3007485dd758) Importer(815301076,1909f56bfc062723c751e8b465ee728b)
Start importing Assets/fbx/f.fbx using Guid(7fbd38c0271ae00438cb3007485dd758) Importer(815301076,1909f56bfc062723c751e8b465ee728b)  -> (artifact id: '8c678a24ae7264fa6b3048625c6bff05') in 0.043128 seconds 
  Import took 0.046680 seconds .

========================================================================
Received Import Request.
  Time since last request: 49.908276 seconds.
  path: Assets/fbx/i.fbx
  artifactKey: Guid(7f0264f3a64000240bad303f748a9b6b) Importer(815301076,1909f56bfc062723c751e8b465ee728b)
Start importing Assets/fbx/i.fbx using Guid(7f0264f3a64000240bad303f748a9b6b) Importer(815301076,1909f56bfc062723c751e8b465ee728b)  -> (artifact id: 'c376218b453b31a46b8c78fc46cb13b5') in 0.044346 seconds 
  Import took 0.047638 seconds .

AssetImportWorkerClient::OnTransportError - code=2 error=End of file
