d:\feri 3.letnik\pipr\projektna\projektnapipr\projektnapipr\debug\vc142.pdb
d:\feri 3.letnik\pipr\projektna\projektnapipr\projektnapipr\debug\vc142.idb
d:\feri 3.letnik\pipr\projektna\projektnapipr\projektnapipr\debug\projektnapipr.obj
d:\feri 3.letnik\pipr\projektna\projektnapipr\debug\projektnapipr.pdb
d:\feri 3.letnik\pipr\projektna\projektnapipr\projektnapipr\debug\projektnapipr.tlog\cl.command.1.tlog
d:\feri 3.letnik\pipr\projektna\projektnapipr\projektnapipr\debug\projektnapipr.tlog\cl.read.1.tlog
d:\feri 3.letnik\pipr\projektna\projektnapipr\projektnapipr\debug\projektnapipr.tlog\cl.write.1.tlog
d:\feri 3.letnik\pipr\projektna\projektnapipr\projektnapipr\debug\projektnapipr.tlog\link-cvtres.read.1.tlog
d:\feri 3.letnik\pipr\projektna\projektnapipr\projektnapipr\debug\projektnapipr.tlog\link-cvtres.write.1.tlog
d:\feri 3.letnik\pipr\projektna\projektnapipr\projektnapipr\debug\projektnapipr.tlog\link-rc.read.1.tlog
d:\feri 3.letnik\pipr\projektna\projektnapipr\projektnapipr\debug\projektnapipr.tlog\link-rc.write.1.tlog
d:\feri 3.letnik\pipr\projektna\projektnapipr\projektnapipr\debug\projektnapipr.tlog\link.16368-cvtres.read.1.tlog
d:\feri 3.letnik\pipr\projektna\projektnapipr\projektnapipr\debug\projektnapipr.tlog\link.16368-cvtres.write.1.tlog
d:\feri 3.letnik\pipr\projektna\projektnapipr\projektnapipr\debug\projektnapipr.tlog\link.16368-rc.read.1.tlog
d:\feri 3.letnik\pipr\projektna\projektnapipr\projektnapipr\debug\projektnapipr.tlog\link.16368-rc.write.1.tlog
d:\feri 3.letnik\pipr\projektna\projektnapipr\projektnapipr\debug\projektnapipr.tlog\link.16368.read.1.tlog
d:\feri 3.letnik\pipr\projektna\projektnapipr\projektnapipr\debug\projektnapipr.tlog\link.16368.write.1.tlog
d:\feri 3.letnik\pipr\projektna\projektnapipr\projektnapipr\debug\projektnapipr.tlog\link.command.1.tlog
d:\feri 3.letnik\pipr\projektna\projektnapipr\projektnapipr\debug\projektnapipr.tlog\link.read.1.tlog
d:\feri 3.letnik\pipr\projektna\projektnapipr\projektnapipr\debug\projektnapipr.tlog\link.write.1.tlog
